TN:
SF:src\internal\constant\memberStatus.js
FNF:0
FNH:0
DA:1,1
DA:2,1
DA:3,1
DA:4,1
DA:5,1
LF:5
LH:5
BRF:0
BRH:0
end_of_record
TN:
SF:src\test\mock\books.mock.js
FNF:0
FNH:0
DA:1,1
DA:2,1
DA:3,1
DA:4,1
DA:5,1
DA:6,1
DA:7,1
DA:8,1
DA:9,1
DA:10,1
DA:11,1
LF:11
LH:11
BRF:0
BRH:0
end_of_record
TN:
SF:src\test\mock\member.mock.js
FNF:0
FNH:0
DA:1,1
DA:2,1
DA:3,1
DA:4,1
DA:5,1
DA:6,1
DA:7,1
DA:8,1
DA:9,1
DA:10,1
DA:11,1
LF:11
LH:11
BRF:0
BRH:0
end_of_record
TN:
SF:src\usecase\books.js
FN:2,BooksUseCase
FN:6,getAllBooks
FN:21,getBooksById
FN:42,addBooks
FNF:4
FNH:4
FNDA:12,BooksUseCase
FNDA:1,getAllBooks
FNDA:2,getBooksById
FNDA:1,addBooks
DA:1,1
DA:2,1
DA:3,12
DA:4,12
DA:5,1
DA:6,1
DA:7,1
DA:8,1
DA:9,1
DA:10,1
DA:11,1
DA:12,1
DA:13,1
DA:14,1
DA:15,1
DA:16,1
DA:17,1
DA:18,1
DA:19,1
DA:20,1
DA:21,1
DA:22,2
DA:23,2
DA:24,2
DA:25,2
DA:26,2
DA:27,2
DA:28,2
DA:29,2
DA:30,2
DA:31,1
DA:32,1
DA:33,1
DA:34,1
DA:35,1
DA:36,1
DA:37,1
DA:38,1
DA:39,1
DA:40,1
DA:41,1
DA:42,1
DA:43,1
DA:44,1
DA:45,1
DA:46,1
DA:47,1
DA:48,1
DA:49,1
DA:50,1
DA:51,0
DA:52,0
DA:53,0
DA:54,0
DA:55,0
DA:56,0
DA:57,0
DA:58,0
DA:59,0
DA:60,0
DA:61,1
DA:62,1
LF:62
LH:52
BRDA:2,0,0,12
BRDA:6,1,0,1
BRDA:21,2,0,2
BRDA:30,3,0,1
BRDA:42,4,0,1
BRDA:50,5,0,0
BRF:6
BRH:5
end_of_record
TN:
SF:src\usecase\member.js
FN:2,MemberUseCase
FN:8,getAllMember
FN:23,getMemberById
FN:44,addMember
FNF:4
FNH:4
FNDA:7,MemberUseCase
FNDA:1,getAllMember
FNDA:2,getMemberById
FNDA:2,addMember
DA:1,1
DA:2,1
DA:3,7
DA:4,7
DA:5,7
DA:6,7
DA:7,1
DA:8,1
DA:9,1
DA:10,1
DA:11,1
DA:12,1
DA:13,1
DA:14,1
DA:15,1
DA:16,1
DA:17,1
DA:18,1
DA:19,1
DA:20,1
DA:21,1
DA:22,1
DA:23,1
DA:24,2
DA:25,2
DA:26,2
DA:27,2
DA:28,2
DA:29,2
DA:30,2
DA:31,2
DA:32,2
DA:33,1
DA:34,1
DA:35,1
DA:36,1
DA:37,1
DA:38,1
DA:39,1
DA:40,1
DA:41,1
DA:42,1
DA:43,1
DA:44,1
DA:45,2
DA:46,2
DA:47,2
DA:48,2
DA:49,2
DA:50,2
DA:51,2
DA:52,2
DA:53,2
DA:54,1
DA:55,1
DA:56,1
DA:57,1
DA:58,1
DA:59,1
DA:60,1
DA:61,1
DA:62,1
DA:63,1
DA:64,1
DA:65,1
DA:66,1
DA:67,1
DA:68,1
DA:69,1
DA:70,1
LF:70
LH:70
BRDA:2,0,0,7
BRDA:8,1,0,1
BRDA:23,2,0,2
BRDA:32,3,0,1
BRDA:44,4,0,2
BRDA:53,5,0,1
BRF:6
BRH:6
end_of_record
