TN:
SF:src\test\mock\member.mock.js
FNF:0
FNH:0
DA:1,1
DA:2,1
DA:3,1
DA:4,1
DA:5,1
DA:6,1
DA:7,1
DA:8,1
DA:9,1
DA:10,1
DA:11,1
LF:11
LH:11
BRF:0
BRH:0
end_of_record
TN:
SF:src\usecase\member.js
FN:2,MemberUseCase
FN:7,getAllMember
FN:22,getMemberById
FN:43,addMember
FNF:4
FNH:4
FNDA:6,MemberUseCase
FNDA:1,getAllMember
FNDA:2,getMemberById
FNDA:1,addMember
DA:1,1
DA:2,1
DA:3,6
DA:4,6
DA:5,6
DA:6,1
DA:7,1
DA:8,1
DA:9,1
DA:10,1
DA:11,1
DA:12,1
DA:13,1
DA:14,1
DA:15,1
DA:16,1
DA:17,1
DA:18,1
DA:19,1
DA:20,1
DA:21,1
DA:22,1
DA:23,2
DA:24,2
DA:25,2
DA:26,2
DA:27,2
DA:28,2
DA:29,2
DA:30,2
DA:31,2
DA:32,1
DA:33,1
DA:34,1
DA:35,1
DA:36,1
DA:37,1
DA:38,1
DA:39,1
DA:40,1
DA:41,1
DA:42,1
DA:43,1
DA:44,1
DA:45,1
DA:46,1
DA:47,1
DA:48,1
DA:49,1
DA:50,1
DA:51,1
DA:52,1
DA:53,0
DA:54,0
DA:55,0
DA:56,1
DA:57,1
DA:58,1
DA:59,1
LF:59
LH:56
BRDA:2,0,0,6
BRDA:7,1,0,1
BRDA:22,2,0,2
BRDA:31,3,0,1
BRDA:43,4,0,1
BRDA:52,5,0,0
BRF:6
BRH:5
end_of_record
